[+] 18-05-2024 09:58:23  Deleted old log file: 25-04-2024.log
 [+] 18-05-2024 09:58:23  Mongo DB Connected Successfully.....
 [+] 18-05-2024 09:58:23  Successfully Conected
 [+] 18-05-2024 09:58:23  Data Was Served..
 [+] 18-05-2024 09:58:23  Mongo DB disconnected Successfully.....
 [*] 18-05-2024 09:59:00  incoming request GET /
 [*] 18-05-2024 09:59:06  incoming request GET /login
 [*] 18-05-2024 09:59:14  incoming request GET /Signup
 [*] 18-05-2024 09:59:27  incoming request GET /login
 [*] 18-05-2024 09:59:40  incoming request POST /login
 [*] 18-05-2024 09:59:40  incoming request GET /Dashboard
 [*] 18-05-2024 09:59:40  incoming request GET /Js/Dashboard.js
 [*] 18-05-2024 10:00:18  incoming request POST /Dashboard
 [*] 18-05-2024 10:00:18  incoming request GET /login
 [*] 18-05-2024 10:00:21  incoming request POST /login
 [*] 18-05-2024 10:00:25  incoming request POST /login
 [*] 18-05-2024 10:00:33  incoming request GET /login
 [*] 18-05-2024 10:00:42  incoming request GET /Signup
 [*] 18-05-2024 10:01:18  incoming request GET /signup
 [*] 18-05-2024 10:01:20  incoming request GET /login
 [*] 18-05-2024 10:01:40  incoming request POST /login
 [*] 18-05-2024 10:01:53  incoming request POST /login
 [*] 18-05-2024 10:01:53  incoming request GET /Dashboard
 [*] 18-05-2024 10:01:54  incoming request GET /Js/Dashboard.js
 [*] 18-05-2024 10:02:08  incoming request GET /POST
 [+] 18-05-2024 10:05:36  server started On Port 3000. Ready to handle incoming requests.
 [+] 18-05-2024 10:05:36  Mongo DB Connected Successfully.....
 [+] 18-05-2024 10:05:36  Successfully Conected
 [+] 18-05-2024 10:05:36  Data Was Served..
 [+] 18-05-2024 10:05:36  Mongo DB disconnected Successfully.....
 [+] 18-05-2024 10:05:39  server started On Port 3000. Ready to handle incoming requests.
 [+] 18-05-2024 10:05:39  Mongo DB Connected Successfully.....
 [+] 18-05-2024 10:05:39  Successfully Conected
 [+] 18-05-2024 10:05:39  Data Was Served..
 [+] 18-05-2024 10:05:39  Mongo DB disconnected Successfully.....
 [*] 18-05-2024 10:07:00  incoming request GET /Dashboard
 [*] 18-05-2024 10:07:00  incoming request GET /Js/Dashboard.js
 [*] 18-05-2024 10:07:00  incoming request GET /favicon.ico
 [*] 18-05-2024 10:07:06  incoming request GET /
 [*] 18-05-2024 10:07:06  incoming request GET /favicon.ico
 [*] 18-05-2024 10:07:10  incoming request GET /login
 [*] 18-05-2024 10:07:10  incoming request GET /Js/Dashboard.js
 [*] 18-05-2024 10:07:10  incoming request GET /favicon.ico
 [*] 18-05-2024 10:08:59  incoming request GET /favicon.ico
 [*] 18-05-2024 10:09:01  incoming request GET /
 [*] 18-05-2024 10:09:01  incoming request GET /favicon.ico
 [*] 18-05-2024 10:10:39  incoming request GET /
 [*] 18-05-2024 10:10:39  incoming request GET /favicon.ico
 [*] 18-05-2024 10:10:54  incoming request GET /
 [*] 18-05-2024 10:10:54  incoming request GET /favicon.ico
 [*] 18-05-2024 10:11:40  incoming request GET /
 [*] 18-05-2024 10:11:40  incoming request GET /favicon.ico
 [*] 18-05-2024 10:12:07  incoming request GET /
 [*] 18-05-2024 10:12:07  incoming request GET /favicon.ico
 [*] 18-05-2024 10:12:19  incoming request GET /
 [*] 18-05-2024 10:12:19  incoming request GET /Image/welcome-image.jpg
 [*] 18-05-2024 10:12:19  incoming request GET /favicon.ico
 [*] 18-05-2024 10:14:22  incoming request GET /
 [*] 18-05-2024 10:14:22  incoming request GET /Image/welcome-image.jpg
 [*] 18-05-2024 10:14:22  incoming request GET /favicon.ico
 [*] 18-05-2024 10:14:25  incoming request GET /
 [*] 18-05-2024 10:14:25  incoming request GET /Image/welcome-image.jpg
 [*] 18-05-2024 10:14:25  incoming request GET /favicon.ico
 [*] 18-05-2024 10:14:50  incoming request GET /
 [*] 18-05-2024 10:14:50  incoming request GET /favicon.ico
 [*] 18-05-2024 10:15:17  incoming request GET /
 [*] 18-05-2024 10:15:17  incoming request GET /favicon.ico
 [*] 18-05-2024 10:16:10  incoming request GET /
 [*] 18-05-2024 10:16:10  incoming request GET /favicon.ico
 [*] 18-05-2024 10:16:19  incoming request GET /
 [*] 18-05-2024 10:16:23  incoming request GET /
 [*] 18-05-2024 10:16:23  incoming request GET /favicon.ico
 [*] 18-05-2024 10:16:33  incoming request GET /
 [*] 18-05-2024 10:16:33  incoming request GET /favicon.ico
 [*] 18-05-2024 10:16:34  incoming request GET /
 [*] 18-05-2024 10:16:34  incoming request GET /favicon.ico
 [*] 18-05-2024 10:16:34  incoming request GET /
 [*] 18-05-2024 10:16:34  incoming request GET /favicon.ico
 [*] 18-05-2024 10:16:40  incoming request GET /
 [*] 18-05-2024 10:16:40  incoming request GET /favicon.ico
 [*] 18-05-2024 10:17:02  incoming request GET /
 [*] 18-05-2024 10:17:02  incoming request GET /favicon.ico
 [*] 18-05-2024 10:17:15  incoming request GET /
 [*] 18-05-2024 10:17:15  incoming request GET /favicon.ico
 [*] 18-05-2024 10:17:21  incoming request GET /
 [*] 18-05-2024 10:17:21  incoming request GET /favicon.ico
 [*] 18-05-2024 10:17:22  incoming request GET /
 [*] 18-05-2024 10:17:22  incoming request GET /favicon.ico
 [*] 18-05-2024 10:17:28  incoming request GET /
 [*] 18-05-2024 10:17:28  incoming request GET /favicon.ico
 [*] 18-05-2024 10:17:35  incoming request GET /
 [*] 18-05-2024 10:17:35  incoming request GET /favicon.ico
 [*] 18-05-2024 10:17:41  incoming request GET /
 [*] 18-05-2024 10:17:42  incoming request GET /favicon.ico
 [*] 18-05-2024 11:25:57  incoming request GET /ws
 [*] 18-05-2024 11:25:57  incoming request GET /ws
 [*] 18-05-2024 11:26:02  incoming request GET /ws
 [*] 18-05-2024 11:26:02  incoming request GET /ws
 [*] 18-05-2024 11:26:07  incoming request GET /ws
 [*] 18-05-2024 11:26:07  incoming request GET /ws
 [*] 18-05-2024 11:26:16  incoming request GET /ws
 [*] 18-05-2024 11:26:16  incoming request GET /ws
 [*] 18-05-2024 11:26:33  incoming request GET /ws
 [*] 18-05-2024 11:26:33  incoming request GET /ws
 [*] 18-05-2024 11:27:06  incoming request GET /ws
 [*] 18-05-2024 11:27:06  incoming request GET /ws